<?xml version="1.0" encoding="UTF-8"?>
<!-- Generated by org.testng.reporters.JUnitReportReporter -->
<testsuite hostname="DESKTOP-RU2MRHE" failures="0" tests="4" name="api.test.UserTests" time="3.508" errors="0" timestamp="2023-12-22T14:51:40 EST" skipped="0">
  <testcase classname="api.test.UserTests" name="test_PostUser" time="3.041"/>
  <system-out/>
  <testcase classname="api.test.UserTests" name="test_getUserByName" time="0.147"/>
  <system-out/>
  <testcase classname="api.test.UserTests" name="test_updateUserByName" time="0.216"/>
  <system-out/>
  <testcase classname="api.test.UserTests" name="test_deleteUserByName" time="0.104"/>
  <system-out/>
</testsuite> <!-- api.test.UserTests -->
